Log file open, 11/17/22 04:59:39
LogWindows: Failed to load 'aqProf.dll' (GetLastError=126)
LogWindows: File 'aqProf.dll' does not exist
LogWindows: Failed to load 'VtuneApi.dll' (GetLastError=126)
LogWindows: File 'VtuneApi.dll' does not exist
LogWindows: Failed to load 'VtuneApi32e.dll' (GetLastError=126)
LogWindows: File 'VtuneApi32e.dll' does not exist
LogConsoleResponse: Display: Failed to find resolution value strings in scalability ini. Falling back to default.
LogConsoleResponse: Display: Failed to find resolution value strings in scalability ini. Falling back to default.
LogInit: Display: Running engine for game: SpellTower
LogPlatformFile: Not using cached read wrapper
LogTaskGraph: Started task graph with 5 named threads and 35 total threads with 3 sets of task threads.
LogStats: Stats thread started at 0.211662
LogICUInternationalization: ICU TimeZone Detection - Raw Offset: +5:00, Platform Override: ''
LogInit: Display: Loading text-based GConfig....
LogPluginManager: Mounting plugin MeshPainting
LogPluginManager: Mounting plugin XGEController
LogPluginManager: Mounting plugin AISupport
LogPluginManager: Mounting plugin Paper2D
LogPluginManager: Mounting plugin LiveLink
LogPluginManager: Mounting plugin CameraShakePreviewer
LogPluginManager: Mounting plugin GameplayCameras
LogPluginManager: Mounting plugin OodleData
LogPluginManager: Mounting plugin OodleNetwork
LogPluginManager: Mounting plugin LightPropagationVolume
LogPluginManager: Mounting plugin AssetManagerEditor
LogPluginManager: Mounting plugin AlembicImporter
LogPluginManager: Mounting plugin AnimationSharing
LogPluginManager: Mounting plugin AutomationUtils
LogPluginManager: Mounting plugin BackChannel
LogPluginManager: Mounting plugin ChaosCloth
LogPluginManager: Mounting plugin ChaosClothEditor
LogPluginManager: Mounting plugin ChaosEditor
LogPluginManager: Mounting plugin ChaosNiagara
LogPluginManager: Mounting plugin ChaosSolverPlugin
LogPluginManager: Mounting plugin CharacterAI
LogPluginManager: Mounting plugin GeometryCache
LogPluginManager: Mounting plugin GeometryCollectionPlugin
LogPluginManager: Mounting plugin GeometryProcessing
LogPluginManager: Mounting plugin MotoSynth
LogPluginManager: Mounting plugin OpenImageDenoise
LogPluginManager: Mounting plugin PlanarCut
LogPluginManager: Mounting plugin PlatformCrypto
LogPluginManager: Mounting plugin ProxyLODPlugin
LogPluginManager: Mounting plugin PythonScriptPlugin
LogPluginManager: Mounting plugin CryptoKeys
LogPluginManager: Mounting plugin CurveEditorTools
LogPluginManager: Mounting plugin DataValidation
LogPluginManager: Mounting plugin FacialAnimation
LogPluginManager: Mounting plugin GameplayTagsEditor
LogPluginManager: Mounting plugin GeometryMode
LogPluginManager: Mounting plugin MaterialAnalyzer
LogPluginManager: Mounting plugin MacGraphicsSwitching
LogPluginManager: Mounting plugin MobileLauncherProfileWizard
LogPluginManager: Mounting plugin SkeletalReduction
LogPluginManager: Mounting plugin SpeedTreeImporter
LogPluginManager: Mounting plugin PluginBrowser
LogPluginManager: Mounting plugin CLionSourceCodeAccess
LogPluginManager: Mounting plugin CodeLiteSourceCodeAccess
LogPluginManager: Mounting plugin GitSourceControl
LogPluginManager: Mounting plugin KDevelopSourceCodeAccess
LogPluginManager: Mounting plugin NullSourceCodeAccess
LogPluginManager: Mounting plugin PixWinPlugin
LogPluginManager: Mounting plugin PlasticSourceControl
LogPluginManager: Mounting plugin EnvironmentQueryEditor
LogPluginManager: Mounting plugin PluginUtils
LogPluginManager: Mounting plugin RiderSourceCodeAccess
LogPluginManager: Mounting plugin TextureFormatOodle
LogPluginManager: Mounting plugin SubversionSourceControl
LogPluginManager: Mounting plugin UObjectPlugin
LogPluginManager: Mounting plugin VisualStudioCodeSourceCodeAccess
LogPluginManager: Mounting plugin XCodeSourceCodeAccess
LogPluginManager: Mounting plugin VisualStudioSourceCodeAccess
LogPluginManager: Mounting plugin Niagara
LogPluginManager: Mounting plugin LuminPlatformFeatures
LogPluginManager: Mounting plugin MagicLeap
LogPluginManager: Mounting plugin PerforceSourceControl
LogPluginManager: Mounting plugin PropertyAccessNode
LogPluginManager: Mounting plugin MagicLeapLightEstimation
LogPluginManager: Mounting plugin MagicLeapMedia
LogPluginManager: Mounting plugin MagicLeapPassableWorld
LogPluginManager: Mounting plugin MLSDK
LogPluginManager: Mounting plugin AvfMedia
LogPluginManager: Mounting plugin AndroidMedia
LogPluginManager: Mounting plugin MediaCompositing
LogPluginManager: Mounting plugin MediaPlayerEditor
LogPluginManager: Mounting plugin ImgMedia
LogPluginManager: Mounting plugin WebMMedia
LogPluginManager: Mounting plugin WmfMedia
LogPluginManager: Mounting plugin TcpMessaging
LogPluginManager: Mounting plugin UdpMessaging
LogPluginManager: Mounting plugin ActorSequence
LogPluginManager: Mounting plugin MatineeToLevelSequence
LogPluginManager: Mounting plugin LevelSequenceEditor
LogPluginManager: Mounting plugin TemplateSequence
LogPluginManager: Mounting plugin LauncherChunkInstaller
LogPluginManager: Mounting plugin OnlineSubsystem
LogPluginManager: Mounting plugin OnlineSubsystemUtils
LogPluginManager: Mounting plugin ActorLayerUtilities
LogPluginManager: Mounting plugin OnlineSubsystemNull
LogPluginManager: Mounting plugin AndroidDeviceProfileSelector
LogPluginManager: Mounting plugin AndroidMoviePlayer
LogPluginManager: Mounting plugin AndroidPermission
LogPluginManager: Mounting plugin AppleImageUtils
LogPluginManager: Mounting plugin AppleMoviePlayer
LogPluginManager: Mounting plugin ArchVisCharacter
LogPluginManager: Mounting plugin AssetTags
LogPluginManager: Mounting plugin CableComponent
LogPluginManager: Mounting plugin ChunkDownloader
LogPluginManager: Mounting plugin AudioSynesthesia
LogPluginManager: Mounting plugin EditableMesh
LogPluginManager: Mounting plugin AudioCapture
LogPluginManager: Mounting plugin ExampleDeviceProfileSelector
LogPluginManager: Mounting plugin GooglePAD
LogPluginManager: Mounting plugin GoogleCloudMessaging
LogPluginManager: Mounting plugin ScreenshotTools
LogPluginManager: Mounting plugin IOSDeviceProfileSelector
LogPluginManager: Mounting plugin LinuxDeviceProfileSelector
LogPluginManager: Mounting plugin LocationServicesBPLibrary
LogPluginManager: Mounting plugin MobilePatchingUtils
LogPluginManager: Mounting plugin OpenXR
LogPluginManager: Mounting plugin Takes
LogPluginManager: Mounting plugin OpenXRHandTracking
LogPluginManager: Mounting plugin PhysXVehicles
LogPluginManager: Mounting plugin PostSplashScreen
LogPluginManager: Mounting plugin ProceduralMeshComponent
LogPluginManager: Mounting plugin OpenXREyeTracker
LogPluginManager: Mounting plugin RuntimePhysXCooking
LogPluginManager: Mounting plugin SignificanceManager
LogPluginManager: Mounting plugin PropertyAccessEditor
LogPluginManager: Mounting plugin SoundFields
LogPluginManager: Mounting plugin Synthesis
LogPluginManager: Mounting plugin WebMMoviePlayer
LogPluginManager: Mounting plugin WindowsMoviePlayer
LogPluginManager: Mounting plugin DatasmithContent
LogPluginManager: Mounting plugin VariantManagerContent
LogPluginManager: Mounting plugin CustomMeshComponent
LogPluginManager: Mounting plugin ContentBrowserAssetDataSource
LogPluginManager: Mounting plugin ContentBrowserClassDataSource
LogPluginManager: Mounting plugin ContentBrowserFileDataSource
LogPluginManager: Mounting plugin OnlineSubsystemGooglePlay
LogPluginManager: Mounting plugin OnlineSubsystemIOS
LogPluginManager: Mounting plugin OculusVR
LogPluginManager: Mounting plugin SteamVR
PixWinPlugin: PIX capture plugin failed to initialize! Check that the process is launched from PIX.
LogInit: Using libcurl 7.55.1-DEV
LogInit:  - built for x86_64-pc-win32
LogInit:  - supports SSL with OpenSSL/1.1.1
LogInit:  - supports HTTP deflate (compression) using libz 1.2.8
LogInit:  - other features:
LogInit:      CURL_VERSION_SSL
LogInit:      CURL_VERSION_LIBZ
LogInit:      CURL_VERSION_IPV6
LogInit:      CURL_VERSION_ASYNCHDNS
LogInit:      CURL_VERSION_LARGEFILE
LogInit:      CURL_VERSION_IDN
LogInit:  CurlRequestOptions (configurable via config and command line):
LogInit:  - bVerifyPeer = true  - Libcurl will verify peer certificate
LogInit:  - bUseHttpProxy = false  - Libcurl will NOT use HTTP proxy
LogInit:  - bDontReuseConnections = false  - Libcurl will reuse connections
LogInit:  - MaxHostConnections = 16  - Libcurl will limit the number of connections to a host
LogInit:  - LocalHostAddr = Default
LogInit:  - BufferSize = 65536
LogOnline: OSS: Creating online subsystem instance for: NULL
LogInit: WinSock: version 1.1 (2.2), MaxSocks=32767, MaxUdp=65467
LogOnline: OSS: TryLoadSubsystemAndSetDefault: Loaded subsystem for module [NULL]
LogOculusPluginWrapper: OculusPlugin initialized successfully
LogHMD: Failed initializing OVRPlugin 1.59.0
LogInit: Build: ++UE4+Release-4.27-CL-18319896
LogInit: Engine Version: 4.27.2-18319896+++UE4+Release-4.27
LogInit: Compatible Engine Version: 4.27.0-17155196+++UE4+Release-4.27
LogInit: Net CL: 17155196
LogInit: OS: Windows 10 (Release 2009) (), CPU: 12th Gen Intel(R) Core(TM) i5-12400F, GPU: NVIDIA GeForce RTX 3050
LogInit: Compiled (64-bit): Nov 30 2021 07:12:08
LogInit: Compiled with Visual C++: 19.24.28315.00
LogInit: Build Configuration: Development
LogInit: Branch Name: ++UE4+Release-4.27
LogInit: Command Line:  /Game/2DSideScrollerBP/Maps/2DSideScrollerExampleMap -game -PIEVIACONSOLE -Multiprocess GameUserSettingsINI=C:/Users/sarvz/Projects/SpellTower/SpellTower/Saved/Config/Windows/PIEGameUserSettings0.ini -MultiprocessSaveConfig -forcepassthrough -messaging -SessionName="Play in Standalone Game" -featureleveles31 -faketouches -MultiprocessSaveConfig -windowed -ResX=1280 -ResY=720
LogInit: Base Directory: C:/Program Files/EpicGames/UE_4.27/Engine/Binaries/Win64/
LogInit: Allocator: TBB
LogInit: Installed Engine Build: 1
LogDevObjectVersion: Number of dev versions registered: 29
LogDevObjectVersion:   Dev-Blueprints (B0D832E4-1F89-4F0D-ACCF-7EB736FD4AA2): 10
LogDevObjectVersion:   Dev-Build (E1C64328-A22C-4D53-A36C-8E866417BD8C): 0
LogDevObjectVersion:   Dev-Core (375EC13C-06E4-48FB-B500-84F0262A717E): 4
LogDevObjectVersion:   Dev-Editor (E4B068ED-F494-42E9-A231-DA0B2E46BB41): 40
LogDevObjectVersion:   Dev-Framework (CFFC743F-43B0-4480-9391-14DF171D2073): 37
LogDevObjectVersion:   Dev-Mobile (B02B49B5-BB20-44E9-A304-32B752E40360): 3
LogDevObjectVersion:   Dev-Networking (A4E4105C-59A1-49B5-A7C5-40C4547EDFEE): 0
LogDevObjectVersion:   Dev-Online (39C831C9-5AE6-47DC-9A44-9C173E1C8E7C): 0
LogDevObjectVersion:   Dev-Physics (78F01B33-EBEA-4F98-B9B4-84EACCB95AA2): 14
LogDevObjectVersion:   Dev-Platform (6631380F-2D4D-43E0-8009-CF276956A95A): 0
LogDevObjectVersion:   Dev-Rendering (12F88B9F-8875-4AFC-A67C-D90C383ABD29): 45
LogDevObjectVersion:   Dev-Sequencer (7B5AE74C-D270-4C10-A958-57980B212A5A): 13
LogDevObjectVersion:   Dev-VR (D7296918-1DD6-4BDD-9DE2-64A83CC13884): 3
LogDevObjectVersion:   Dev-LoadTimes (C2A15278-BFE7-4AFE-6C17-90FF531DF755): 1
LogDevObjectVersion:   Private-Geometry (6EACA3D4-40EC-4CC1-B786-8BED09428FC5): 3
LogDevObjectVersion:   Dev-AnimPhys (29E575DD-E0A3-4627-9D10-D276232CDCEA): 17
LogDevObjectVersion:   Dev-Anim (AF43A65D-7FD3-4947-9873-3E8ED9C1BB05): 15
LogDevObjectVersion:   Dev-ReflectionCapture (6B266CEC-1EC7-4B8F-A30B-E4D90942FC07): 1
LogDevObjectVersion:   Dev-Automation (0DF73D61-A23F-47EA-B727-89E90C41499A): 1
LogDevObjectVersion:   FortniteMain (601D1886-AC64-4F84-AA16-D3DE0DEAC7D6): 47
LogDevObjectVersion:   FortniteRelease (E7086368-6B23-4C58-8439-1B7016265E91): 1
LogDevObjectVersion:   Dev-Enterprise (9DFFBCD6-494F-0158-E221-12823C92A888): 10
LogDevObjectVersion:   Dev-Niagara (F2AED0AC-9AFE-416F-8664-AA7FFA26D6FC): 1
LogDevObjectVersion:   Dev-Destruction (174F1F0B-B4C6-45A5-B13F-2EE8D0FB917D): 10
LogDevObjectVersion:   Dev-Physics-Ext (35F94A83-E258-406C-A318-09F59610247C): 41
LogDevObjectVersion:   Dev-PhysicsMaterial-Chaos (B68FC16E-8B1B-42E2-B453-215C058844FE): 1
LogDevObjectVersion:   Dev-CineCamera (B2E18506-4273-CFC2-A54E-F4BB758BBA07): 1
LogDevObjectVersion:   Dev-VirtualProduction (64F58936-FD1B-42BA-BA96-7289D5D0FA4E): 1
LogDevObjectVersion:   Dev-MediaFramework (6F0ED827-A609-4895-9C91-998D90180EA4): 2
LogInit: Presizing for max 25165824 objects, including 0 objects not considered by GC, pre-allocating 0 bytes for permanent pool.
LogConfig: Applying CVar settings from Section [/Script/Engine.StreamingSettings] File [C:/Users/sarvz/Projects/SpellTower/SpellTower/Saved/Config/Windows/Engine.ini]
LogConfig: Setting CVar [[s.MinBulkDataSizeForAsyncLoading:131072]]
LogConfig: Setting CVar [[s.AsyncLoadingThreadEnabled:0]]
LogConfig: Setting CVar [[s.EventDrivenLoaderEnabled:1]]
LogConfig: Setting CVar [[s.WarnIfTimeLimitExceeded:0]]
LogConfig: Setting CVar [[s.TimeLimitExceededMultiplier:1.5]]
LogConfig: Setting CVar [[s.TimeLimitExceededMinTime:0.005]]
LogConfig: Setting CVar [[s.UseBackgroundLevelStreaming:1]]
LogConfig: Setting CVar [[s.PriorityAsyncLoadingExtraTime:15.0]]
LogConfig: Setting CVar [[s.LevelStreamingActorsUpdateTimeLimit:5.0]]
LogConfig: Setting CVar [[s.PriorityLevelStreamingActorsUpdateExtraTime:5.0]]
LogConfig: Setting CVar [[s.LevelStreamingComponentsRegistrationGranularity:10]]
LogConfig: Setting CVar [[s.UnregisterComponentsTimeLimit:1.0]]
LogConfig: Setting CVar [[s.LevelStreamingComponentsUnregistrationGranularity:5]]
LogConfig: Setting CVar [[s.FlushStreamingOnExit:1]]
LogInit: Object subsystem initialized
LogConfig: Setting CVar [[con.DebugEarlyDefault:1]]
LogConfig: Setting CVar [[r.setres:1280x720]]
[2022.11.16-23.59.39:425][  0]LogConfig: Setting CVar [[con.DebugEarlyDefault:1]]
[2022.11.16-23.59.39:426][  0]LogConfig: Setting CVar [[r.setres:1280x720]]
[2022.11.16-23.59.39:426][  0]LogConfig: Applying CVar settings from Section [/Script/Engine.RendererSettings] File [C:/Users/sarvz/Projects/SpellTower/SpellTower/Saved/Config/Windows/Engine.ini]
[2022.11.16-23.59.39:426][  0]LogConfig: Setting CVar [[r.GPUCrashDebugging:0]]
[2022.11.16-23.59.39:426][  0]LogConfig: Setting CVar [[r.Mobile.DisableVertexFog:1]]
[2022.11.16-23.59.39:426][  0]LogConfig: Setting CVar [[r.Shadow.CSM.MaxMobileCascades:2]]
[2022.11.16-23.59.39:426][  0]LogConfig: Setting CVar [[r.MobileMSAA:1]]
[2022.11.16-23.59.39:426][  0]LogConfig: Setting CVar [[r.Mobile.AllowDitheredLODTransition:0]]
[2022.11.16-23.59.39:426][  0]LogConfig: Setting CVar [[r.Mobile.AllowSoftwareOcclusion:0]]
[2022.11.16-23.59.39:426][  0]LogConfig: Setting CVar [[r.Mobile.VirtualTextures:0]]
[2022.11.16-23.59.39:426][  0]LogConfig: Setting CVar [[r.DiscardUnusedQuality:0]]
[2022.11.16-23.59.39:426][  0]LogConfig: Setting CVar [[r.AllowOcclusionQueries:1]]
[2022.11.16-23.59.39:426][  0]LogConfig: Setting CVar [[r.MinScreenRadiusForLights:0.030000]]
[2022.11.16-23.59.39:426][  0]LogConfig: Setting CVar [[r.MinScreenRadiusForDepthPrepass:0.030000]]
[2022.11.16-23.59.39:426][  0]LogConfig: Setting CVar [[r.MinScreenRadiusForCSMDepth:0.010000]]
[2022.11.16-23.59.39:426][  0]LogConfig: Setting CVar [[r.PrecomputedVisibilityWarning:0]]
[2022.11.16-23.59.39:426][  0]LogConfig: Setting CVar [[r.TextureStreaming:1]]
[2022.11.16-23.59.39:426][  0]LogConfig: Setting CVar [[Compat.UseDXT5NormalMaps:0]]
[2022.11.16-23.59.39:426][  0]LogConfig: Setting CVar [[r.VirtualTextures:0]]
[2022.11.16-23.59.39:426][  0]LogConfig: Setting CVar [[r.VT.EnableAutoImport:1]]
[2022.11.16-23.59.39:426][  0]LogConfig: Setting CVar [[r.VirtualTexturedLightmaps:0]]
[2022.11.16-23.59.39:426][  0]LogConfig: Setting CVar [[r.VT.TileSize:128]]
[2022.11.16-23.59.39:426][  0]LogConfig: Setting CVar [[r.VT.TileBorderSize:4]]
[2022.11.16-23.59.39:426][  0]LogConfig: Setting CVar [[r.vt.FeedbackFactor:16]]
[2022.11.16-23.59.39:426][  0]LogConfig: Setting CVar [[r.VT.EnableCompressZlib:1]]
[2022.11.16-23.59.39:426][  0]LogConfig: Setting CVar [[r.VT.EnableCompressCrunch:0]]
[2022.11.16-23.59.39:426][  0]LogConfig: Setting CVar [[r.ClearCoatNormal:0]]
[2022.11.16-23.59.39:426][  0]LogConfig: Setting CVar [[r.ReflectionCaptureResolution:128]]
[2022.11.16-23.59.39:426][  0]LogConfig: Setting CVar [[r.Mobile.ReflectionCaptureCompression:0]]
[2022.11.16-23.59.39:426][  0]LogConfig: Setting CVar [[r.ReflectionEnvironmentLightmapMixBasedOnRoughness:1]]
[2022.11.16-23.59.39:426][  0]LogConfig: Setting CVar [[r.ForwardShading:0]]
[2022.11.16-23.59.39:426][  0]LogConfig: Setting CVar [[r.VertexFoggingForOpaque:1]]
[2022.11.16-23.59.39:426][  0]LogConfig: Setting CVar [[r.AllowStaticLighting:1]]
[2022.11.16-23.59.39:426][  0]LogConfig: Setting CVar [[r.NormalMapsForStaticLighting:0]]
[2022.11.16-23.59.39:426][  0]LogConfig: Setting CVar [[r.GenerateMeshDistanceFields:0]]
[2022.11.16-23.59.39:426][  0]LogConfig: Setting CVar [[r.DistanceFieldBuild.EightBit:0]]
[2022.11.16-23.59.39:426][  0]LogConfig: Setting CVar [[r.GenerateLandscapeGIData:0]]
[2022.11.16-23.59.39:426][  0]LogConfig: Setting CVar [[r.DistanceFieldBuild.Compress:0]]
[2022.11.16-23.59.39:426][  0]LogConfig: Setting CVar [[r.TessellationAdaptivePixelsPerTriangle:48.000000]]
[2022.11.16-23.59.39:426][  0]LogConfig: Setting CVar [[r.SeparateTranslucency:0]]
[2022.11.16-23.59.39:426][  0]LogConfig: Setting CVar [[r.TranslucentSortPolicy:0]]
[2022.11.16-23.59.39:426][  0]LogConfig: Setting CVar [[vr.VRS.HMDFixedFoveationLevel:0]]
[2022.11.16-23.59.39:426][  0]LogConfig: Setting CVar [[r.CustomDepth:1]]
[2022.11.16-23.59.39:426][  0]LogConfig: Setting CVar [[r.CustomDepthTemporalAAJitter:1]]
[2022.11.16-23.59.39:426][  0]LogConfig: Setting CVar [[r.PostProcessing.PropagateAlpha:0]]
[2022.11.16-23.59.39:426][  0]LogConfig: Setting CVar [[r.DefaultFeature.Bloom:1]]
[2022.11.16-23.59.39:426][  0]LogConfig: Setting CVar [[r.DefaultFeature.AmbientOcclusion:0]]
[2022.11.16-23.59.39:426][  0]LogConfig: Setting CVar [[r.DefaultFeature.AmbientOcclusionStaticFraction:1]]
[2022.11.16-23.59.39:426][  0]LogConfig: Setting CVar [[r.DefaultFeature.AutoExposure:0]]
[2022.11.16-23.59.39:426][  0]LogConfig: Setting CVar [[r.DefaultFeature.AutoExposure.Method:0]]
[2022.11.16-23.59.39:426][  0]LogConfig: Setting CVar [[r.DefaultFeature.AutoExposure.Bias:1.000000]]
[2022.11.16-23.59.39:426][  0]LogConfig: Setting CVar [[r.DefaultFeature.AutoExposure.ExtendDefaultLuminanceRange:0]]
[2022.11.16-23.59.39:426][  0]LogConfig: Setting CVar [[r.UsePreExposure:1]]
[2022.11.16-23.59.39:426][  0]LogConfig: Setting CVar [[r.EyeAdaptation.EditorOnly:0]]
[2022.11.16-23.59.39:426][  0]LogConfig: Setting CVar [[r.DefaultFeature.MotionBlur:0]]
[2022.11.16-23.59.39:426][  0]LogConfig: Setting CVar [[r.DefaultFeature.LensFlare:0]]
[2022.11.16-23.59.39:426][  0]LogConfig: Setting CVar [[r.TemporalAA.Upsampling:0]]
[2022.11.16-23.59.39:426][  0]LogConfig: Setting CVar [[r.SSGI.Enable:0]]
[2022.11.16-23.59.39:426][  0]LogConfig: Setting CVar [[r.DefaultFeature.AntiAliasing:0]]
[2022.11.16-23.59.39:426][  0]LogConfig: Setting CVar [[r.DefaultFeature.LightUnits:1]]
[2022.11.16-23.59.39:426][  0]LogConfig: Setting CVar [[r.DefaultBackBufferPixelFormat:4]]
[2022.11.16-23.59.39:426][  0]LogConfig: Setting CVar [[r.Shadow.UnbuiltPreviewInGame:1]]
[2022.11.16-23.59.39:426][  0]LogConfig: Setting CVar [[r.StencilForLODDither:0]]
[2022.11.16-23.59.39:426][  0]LogConfig: Setting CVar [[r.EarlyZPass:3]]
[2022.11.16-23.59.39:426][  0]LogConfig: Setting CVar [[r.EarlyZPassOnlyMaterialMasking:0]]
[2022.11.16-23.59.39:426][  0]LogConfig: Setting CVar [[r.DBuffer:1]]
[2022.11.16-23.59.39:426][  0]LogConfig: Setting CVar [[r.ClearSceneMethod:1]]
[2022.11.16-23.59.39:426][  0]LogConfig: Setting CVar [[r.BasePassOutputsVelocity:0]]
[2022.11.16-23.59.39:426][  0]LogConfig: Setting CVar [[r.VertexDeformationOutputsVelocity:0]]
[2022.11.16-23.59.39:426][  0]LogConfig: Setting CVar [[r.SelectiveBasePassOutputs:0]]
[2022.11.16-23.59.39:426][  0]LogConfig: Setting CVar [[fx.GPUSimulationTextureSizeX:1024]]
[2022.11.16-23.59.39:426][  0]LogConfig: Setting CVar [[fx.GPUSimulationTextureSizeY:1024]]
[2022.11.16-23.59.39:426][  0]LogConfig: Setting CVar [[r.AllowGlobalClipPlane:0]]
[2022.11.16-23.59.39:426][  0]LogConfig: Setting CVar [[r.GBufferFormat:1]]
[2022.11.16-23.59.39:426][  0]LogConfig: Setting CVar [[r.MorphTarget.Mode:1]]
[2022.11.16-23.59.39:426][  0]LogConfig: Setting CVar [[vr.InstancedStereo:0]]
[2022.11.16-23.59.39:426][  0]LogConfig: Setting CVar [[r.MobileHDR:0]]
[2022.11.16-23.59.39:426][  0]LogConfig: Setting CVar [[vr.MobileMultiView:0]]
[2022.11.16-23.59.39:426][  0]LogConfig: Setting CVar [[r.Mobile.UseHWsRGBEncoding:0]]
[2022.11.16-23.59.39:426][  0]LogConfig: Setting CVar [[vr.RoundRobinOcclusion:0]]
[2022.11.16-23.59.39:426][  0]LogConfig: Setting CVar [[vr.ODSCapture:0]]
[2022.11.16-23.59.39:426][  0]LogConfig: Setting CVar [[r.MeshStreaming:0]]
[2022.11.16-23.59.39:426][  0]LogConfig: Setting CVar [[r.WireframeCullThreshold:5.000000]]
[2022.11.16-23.59.39:426][  0]LogConfig: Setting CVar [[r.RayTracing:0]]
[2022.11.16-23.59.39:426][  0]LogConfig: Setting CVar [[r.RayTracing.UseTextureLod:0]]
[2022.11.16-23.59.39:426][  0]LogConfig: Setting CVar [[r.SupportStationarySkylight:1]]
[2022.11.16-23.59.39:426][  0]LogConfig: Setting CVar [[r.SupportLowQualityLightmaps:1]]
[2022.11.16-23.59.39:426][  0]LogConfig: Setting CVar [[r.SupportPointLightWholeSceneShadows:1]]
[2022.11.16-23.59.39:426][  0]LogConfig: Setting CVar [[r.SupportAtmosphericFog:1]]
[2022.11.16-23.59.39:426][  0]LogConfig: Setting CVar [[r.SupportSkyAtmosphere:1]]
[2022.11.16-23.59.39:426][  0]LogConfig: Setting CVar [[r.SupportSkyAtmosphereAffectsHeightFog:0]]
[2022.11.16-23.59.39:426][  0]LogConfig: Setting CVar [[r.SkinCache.CompileShaders:0]]
[2022.11.16-23.59.39:426][  0]LogConfig: Setting CVar [[r.SkinCache.DefaultBehavior:1]]
[2022.11.16-23.59.39:426][  0]LogConfig: Setting CVar [[r.SkinCache.SceneMemoryLimitInMB:128.000000]]
[2022.11.16-23.59.39:426][  0]LogConfig: Setting CVar [[r.Mobile.EnableStaticAndCSMShadowReceivers:1]]
[2022.11.16-23.59.39:426][  0]LogConfig: Setting CVar [[r.Mobile.EnableMovableLightCSMShaderCulling:1]]
[2022.11.16-23.59.39:426][  0]LogConfig: Setting CVar [[r.Mobile.AllowDistanceFieldShadows:1]]
[2022.11.16-23.59.39:426][  0]LogConfig: Setting CVar [[r.Mobile.AllowMovableDirectionalLights:1]]
[2022.11.16-23.59.39:426][  0]LogConfig: Setting CVar [[r.MobileNumDynamicPointLights:4]]
[2022.11.16-23.59.39:426][  0]LogConfig: Setting CVar [[r.MobileDynamicPointLightsUseStaticBranch:1]]
[2022.11.16-23.59.39:426][  0]LogConfig: Setting CVar [[r.Mobile.EnableMovableSpotlights:0]]
[2022.11.16-23.59.39:426][  0]LogConfig: Setting CVar [[r.Mobile.EnableMovableSpotlightsShadow:0]]
[2022.11.16-23.59.39:426][  0]LogConfig: Setting CVar [[r.GPUSkin.Support16BitBoneIndex:0]]
[2022.11.16-23.59.39:426][  0]LogConfig: Setting CVar [[r.GPUSkin.Limit2BoneInfluences:0]]
[2022.11.16-23.59.39:426][  0]LogConfig: Setting CVar [[r.SupportDepthOnlyIndexBuffers:1]]
[2022.11.16-23.59.39:426][  0]LogConfig: Setting CVar [[r.SupportReversedIndexBuffers:1]]
[2022.11.16-23.59.39:426][  0]LogConfig: Setting CVar [[r.LightPropagationVolume:0]]
[2022.11.16-23.59.39:426][  0]LogConfig: Setting CVar [[r.Mobile.AmbientOcclusion:0]]
[2022.11.16-23.59.39:426][  0]LogConfig: Setting CVar [[r.GPUSkin.UnlimitedBoneInfluences:0]]
[2022.11.16-23.59.39:426][  0]LogConfig: Setting CVar [[r.GPUSkin.UnlimitedBoneInfluencesThreshold:8]]
[2022.11.16-23.59.39:426][  0]LogConfig: Setting CVar [[r.Mobile.PlanarReflectionMode:0]]
[2022.11.16-23.59.39:426][  0]LogConfig: Setting CVar [[r.Mobile.SupportsGen4TAA:0]]
[2022.11.16-23.59.39:426][  0]LogConfig: Applying CVar settings from Section [/Script/Engine.RendererOverrideSettings] File [C:/Users/sarvz/Projects/SpellTower/SpellTower/Saved/Config/Windows/Engine.ini]
[2022.11.16-23.59.39:426][  0]LogConfig: Applying CVar settings from Section [/Script/Engine.StreamingSettings] File [C:/Users/sarvz/Projects/SpellTower/SpellTower/Saved/Config/Windows/Engine.ini]
[2022.11.16-23.59.39:426][  0]LogConfig: Setting CVar [[s.MinBulkDataSizeForAsyncLoading:131072]]
[2022.11.16-23.59.39:426][  0]LogConfig: Setting CVar [[s.AsyncLoadingThreadEnabled:0]]
[2022.11.16-23.59.39:426][  0]LogConfig: Setting CVar [[s.EventDrivenLoaderEnabled:1]]
[2022.11.16-23.59.39:426][  0]LogConfig: Setting CVar [[s.WarnIfTimeLimitExceeded:0]]
[2022.11.16-23.59.39:426][  0]LogConfig: Setting CVar [[s.TimeLimitExceededMultiplier:1.5]]
[2022.11.16-23.59.39:427][  0]LogConfig: Setting CVar [[s.TimeLimitExceededMinTime:0.005]]
[2022.11.16-23.59.39:427][  0]LogConfig: Setting CVar [[s.UseBackgroundLevelStreaming:1]]
[2022.11.16-23.59.39:427][  0]LogConfig: Setting CVar [[s.PriorityAsyncLoadingExtraTime:15.0]]
[2022.11.16-23.59.39:427][  0]LogConfig: Setting CVar [[s.LevelStreamingActorsUpdateTimeLimit:5.0]]
[2022.11.16-23.59.39:427][  0]LogConfig: Setting CVar [[s.PriorityLevelStreamingActorsUpdateExtraTime:5.0]]
[2022.11.16-23.59.39:427][  0]LogConfig: Setting CVar [[s.LevelStreamingComponentsRegistrationGranularity:10]]
[2022.11.16-23.59.39:427][  0]LogConfig: Setting CVar [[s.UnregisterComponentsTimeLimit:1.0]]
[2022.11.16-23.59.39:427][  0]LogConfig: Setting CVar [[s.LevelStreamingComponentsUnregistrationGranularity:5]]
[2022.11.16-23.59.39:427][  0]LogConfig: Setting CVar [[s.FlushStreamingOnExit:1]]
[2022.11.16-23.59.39:427][  0]LogConfig: Applying CVar settings from Section [/Script/Engine.GarbageCollectionSettings] File [C:/Users/sarvz/Projects/SpellTower/SpellTower/Saved/Config/Windows/Engine.ini]
[2022.11.16-23.59.39:427][  0]LogConfig: Setting CVar [[gc.MaxObjectsNotConsideredByGC:1]]
[2022.11.16-23.59.39:427][  0]LogConfig: Setting CVar [[gc.SizeOfPermanentObjectPool:0]]
[2022.11.16-23.59.39:427][  0]LogConfig: Setting CVar [[gc.FlushStreamingOnGC:0]]
[2022.11.16-23.59.39:427][  0]LogConfig: Setting CVar [[gc.NumRetriesBeforeForcingGC:10]]
[2022.11.16-23.59.39:427][  0]LogConfig: Setting CVar [[gc.AllowParallelGC:1]]
[2022.11.16-23.59.39:427][  0]LogConfig: Setting CVar [[gc.TimeBetweenPurgingPendingKillObjects:61.1]]
[2022.11.16-23.59.39:427][  0]LogConfig: Setting CVar [[gc.MaxObjectsInEditor:25165824]]
[2022.11.16-23.59.39:427][  0]LogConfig: Setting CVar [[gc.IncrementalBeginDestroyEnabled:1]]
[2022.11.16-23.59.39:427][  0]LogConfig: Setting CVar [[gc.CreateGCClusters:1]]
[2022.11.16-23.59.39:427][  0]LogConfig: Setting CVar [[gc.MinGCClusterSize:5]]
[2022.11.16-23.59.39:427][  0]LogConfig: Setting CVar [[gc.ActorClusteringEnabled:0]]
[2022.11.16-23.59.39:427][  0]LogConfig: Setting CVar [[gc.BlueprintClusteringEnabled:0]]
[2022.11.16-23.59.39:427][  0]LogConfig: Setting CVar [[gc.UseDisregardForGCOnDedicatedServers:0]]
[2022.11.16-23.59.39:427][  0]LogConfig: Setting CVar [[gc.MultithreadedDestructionEnabled:1]]
[2022.11.16-23.59.39:427][  0]LogConfig: Applying CVar settings from Section [/Script/Engine.NetworkSettings] File [C:/Users/sarvz/Projects/SpellTower/SpellTower/Saved/Config/Windows/Engine.ini]
[2022.11.16-23.59.39:427][  0]LogConfig: Applying CVar settings from Section [/Script/UnrealEd.CookerSettings] File [C:/Users/sarvz/Projects/SpellTower/SpellTower/Saved/Config/Windows/Engine.ini]
[2022.11.16-23.59.39:432][  0]LogConfig: Applying CVar settings from Section [ViewDistanceQuality@3] File [C:/Users/sarvz/Projects/SpellTower/SpellTower/Saved/Config/Windows/Scalability.ini]
[2022.11.16-23.59.39:432][  0]LogConfig: Setting CVar [[r.SkeletalMeshLODBias:0]]
[2022.11.16-23.59.39:432][  0]LogConfig: Setting CVar [[r.ViewDistanceScale:1.0]]
[2022.11.16-23.59.39:432][  0]LogConfig: Applying CVar settings from Section [AntiAliasingQuality@3] File [C:/Users/sarvz/Projects/SpellTower/SpellTower/Saved/Config/Windows/Scalability.ini]
[2022.11.16-23.59.39:432][  0]LogConfig: Setting CVar [[r.PostProcessAAQuality:4]]
[2022.11.16-23.59.39:432][  0]LogConfig: Applying CVar settings from Section [ShadowQuality@3] File [C:/Users/sarvz/Projects/SpellTower/SpellTower/Saved/Config/Windows/Scalability.ini]
[2022.11.16-23.59.39:432][  0]LogConfig: Setting CVar [[r.LightFunctionQuality:1]]
[2022.11.16-23.59.39:432][  0]LogConfig: Setting CVar [[r.ShadowQuality:5]]
[2022.11.16-23.59.39:432][  0]LogConfig: Setting CVar [[r.Shadow.CSM.MaxCascades:10]]
[2022.11.16-23.59.39:432][  0]LogConfig: Setting CVar [[r.Shadow.MaxResolution:2048]]
[2022.11.16-23.59.39:432][  0]LogConfig: Setting CVar [[r.Shadow.MaxCSMResolution:2048]]
[2022.11.16-23.59.39:432][  0]LogConfig: Setting CVar [[r.Shadow.RadiusThreshold:0.01]]
[2022.11.16-23.59.39:432][  0]LogConfig: Setting CVar [[r.Shadow.DistanceScale:1.0]]
[2022.11.16-23.59.39:432][  0]LogConfig: Setting CVar [[r.Shadow.CSM.TransitionScale:1.0]]
[2022.11.16-23.59.39:432][  0]LogConfig: Setting CVar [[r.Shadow.PreShadowResolutionFactor:1.0]]
[2022.11.16-23.59.39:432][  0]LogConfig: Setting CVar [[r.DistanceFieldShadowing:1]]
[2022.11.16-23.59.39:432][  0]LogConfig: Setting CVar [[r.DistanceFieldAO:1]]
[2022.11.16-23.59.39:432][  0]LogConfig: Setting CVar [[r.AOQuality:2]]
[2022.11.16-23.59.39:432][  0]LogConfig: Setting CVar [[r.VolumetricFog:1]]
[2022.11.16-23.59.39:432][  0]LogConfig: Setting CVar [[r.VolumetricFog.GridPixelSize:8]]
[2022.11.16-23.59.39:432][  0]LogConfig: Setting CVar [[r.VolumetricFog.GridSizeZ:128]]
[2022.11.16-23.59.39:432][  0]LogConfig: Setting CVar [[r.VolumetricFog.HistoryMissSupersampleCount:4]]
[2022.11.16-23.59.39:432][  0]LogConfig: Setting CVar [[r.LightMaxDrawDistanceScale:1]]
[2022.11.16-23.59.39:432][  0]LogConfig: Setting CVar [[r.CapsuleShadows:1]]
[2022.11.16-23.59.39:432][  0]LogConfig: Applying CVar settings from Section [PostProcessQuality@3] File [C:/Users/sarvz/Projects/SpellTower/SpellTower/Saved/Config/Windows/Scalability.ini]
[2022.11.16-23.59.39:432][  0]LogConfig: Setting CVar [[r.MotionBlurQuality:4]]
[2022.11.16-23.59.39:432][  0]LogConfig: Setting CVar [[r.AmbientOcclusionMipLevelFactor:0.4]]
[2022.11.16-23.59.39:432][  0]LogConfig: Setting CVar [[r.AmbientOcclusionMaxQuality:100]]
[2022.11.16-23.59.39:432][  0]LogConfig: Setting CVar [[r.AmbientOcclusionLevels:-1]]
[2022.11.16-23.59.39:432][  0]LogConfig: Setting CVar [[r.AmbientOcclusionRadiusScale:1.0]]
[2022.11.16-23.59.39:432][  0]LogConfig: Setting CVar [[r.DepthOfFieldQuality:2]]
[2022.11.16-23.59.39:432][  0]LogConfig: Setting CVar [[r.RenderTargetPoolMin:400]]
[2022.11.16-23.59.39:432][  0]LogConfig: Setting CVar [[r.LensFlareQuality:2]]
[2022.11.16-23.59.39:432][  0]LogConfig: Setting CVar [[r.SceneColorFringeQuality:1]]
[2022.11.16-23.59.39:432][  0]LogConfig: Setting CVar [[r.EyeAdaptationQuality:2]]
[2022.11.16-23.59.39:432][  0]LogConfig: Setting CVar [[r.BloomQuality:5]]
[2022.11.16-23.59.39:432][  0]LogConfig: Setting CVar [[r.FastBlurThreshold:100]]
[2022.11.16-23.59.39:432][  0]LogConfig: Setting CVar [[r.Upscale.Quality:3]]
[2022.11.16-23.59.39:432][  0]LogConfig: Setting CVar [[r.Tonemapper.GrainQuantization:1]]
[2022.11.16-23.59.39:432][  0]LogConfig: Setting CVar [[r.LightShaftQuality:1]]
[2022.11.16-23.59.39:432][  0]LogConfig: Setting CVar [[r.Filter.SizeScale:1]]
[2022.11.16-23.59.39:432][  0]LogConfig: Setting CVar [[r.Tonemapper.Quality:5]]
[2022.11.16-23.59.39:432][  0]LogConfig: Setting CVar [[r.DOF.Gather.AccumulatorQuality:1        ; higher gathering accumulator quality]]
[2022.11.16-23.59.39:432][  0]LogConfig: Setting CVar [[r.DOF.Gather.PostfilterMethod:1          ; Median3x3 postfilering method]]
[2022.11.16-23.59.39:432][  0]LogConfig: Setting CVar [[r.DOF.Gather.EnableBokehSettings:0       ; no bokeh simulation when gathering]]
[2022.11.16-23.59.39:432][  0]LogConfig: Setting CVar [[r.DOF.Gather.RingCount:4                 ; medium number of samples when gathering]]
[2022.11.16-23.59.39:432][  0]LogConfig: Setting CVar [[r.DOF.Scatter.ForegroundCompositing:1    ; additive foreground scattering]]
[2022.11.16-23.59.39:432][  0]LogConfig: Setting CVar [[r.DOF.Scatter.BackgroundCompositing:2    ; additive background scattering]]
[2022.11.16-23.59.39:432][  0]LogConfig: Setting CVar [[r.DOF.Scatter.EnableBokehSettings:1      ; bokeh simulation when scattering]]
[2022.11.16-23.59.39:432][  0]LogConfig: Setting CVar [[r.DOF.Scatter.MaxSpriteRatio:0.1         ; only a maximum of 10% of scattered bokeh]]
[2022.11.16-23.59.39:432][  0]LogConfig: Setting CVar [[r.DOF.Recombine.Quality:1                ; cheap slight out of focus]]
[2022.11.16-23.59.39:432][  0]LogConfig: Setting CVar [[r.DOF.Recombine.EnableBokehSettings:0    ; no bokeh simulation on slight out of focus]]
[2022.11.16-23.59.39:432][  0]LogConfig: Setting CVar [[r.DOF.TemporalAAQuality:1                ; more stable temporal accumulation]]
[2022.11.16-23.59.39:432][  0]LogConfig: Setting CVar [[r.DOF.Kernel.MaxForegroundRadius:0.025]]
[2022.11.16-23.59.39:432][  0]LogConfig: Setting CVar [[r.DOF.Kernel.MaxBackgroundRadius:0.025]]
[2022.11.16-23.59.39:432][  0]LogConfig: Applying CVar settings from Section [TextureQuality@3] File [C:/Users/sarvz/Projects/SpellTower/SpellTower/Saved/Config/Windows/Scalability.ini]
[2022.11.16-23.59.39:432][  0]LogConfig: Setting CVar [[r.Streaming.MipBias:0]]
[2022.11.16-23.59.39:432][  0]LogConfig: Setting CVar [[r.Streaming.AmortizeCPUToGPUCopy:0]]
[2022.11.16-23.59.39:432][  0]LogConfig: Setting CVar [[r.Streaming.MaxNumTexturesToStreamPerFrame:0]]
[2022.11.16-23.59.39:432][  0]LogConfig: Setting CVar [[r.Streaming.Boost:1]]
[2022.11.16-23.59.39:432][  0]LogConfig: Setting CVar [[r.MaxAnisotropy:8]]
[2022.11.16-23.59.39:432][  0]LogConfig: Setting CVar [[r.VT.MaxAnisotropy:8]]
[2022.11.16-23.59.39:432][  0]LogConfig: Setting CVar [[r.Streaming.LimitPoolSizeToVRAM:0]]
[2022.11.16-23.59.39:432][  0]LogConfig: Setting CVar [[r.Streaming.PoolSize:1000]]
[2022.11.16-23.59.39:432][  0]LogConfig: Setting CVar [[r.Streaming.MaxEffectiveScreenSize:0]]
[2022.11.16-23.59.39:432][  0]LogConfig: Applying CVar settings from Section [EffectsQuality@3] File [C:/Users/sarvz/Projects/SpellTower/SpellTower/Saved/Config/Windows/Scalability.ini]
[2022.11.16-23.59.39:432][  0]LogConfig: Setting CVar [[r.TranslucencyLightingVolumeDim:64]]
[2022.11.16-23.59.39:432][  0]LogConfig: Setting CVar [[r.RefractionQuality:2]]
[2022.11.16-23.59.39:432][  0]LogConfig: Setting CVar [[r.SSR.Quality:3]]
[2022.11.16-23.59.39:432][  0]LogConfig: Setting CVar [[r.SSR.HalfResSceneColor:0]]
[2022.11.16-23.59.39:432][  0]LogConfig: Setting CVar [[r.SceneColorFormat:4]]
[2022.11.16-23.59.39:432][  0]LogConfig: Setting CVar [[r.DetailMode:2]]
[2022.11.16-23.59.39:432][  0]LogConfig: Setting CVar [[r.TranslucencyVolumeBlur:1]]
[2022.11.16-23.59.39:433][  0]LogConfig: Setting CVar [[r.MaterialQualityLevel:1 ; High quality]]
[2022.11.16-23.59.39:433][  0]LogConfig: Setting CVar [[r.AnisotropicMaterials:1]]
[2022.11.16-23.59.39:433][  0]LogConfig: Setting CVar [[r.SSS.Scale:1]]
[2022.11.16-23.59.39:433][  0]LogConfig: Setting CVar [[r.SSS.SampleSet:2]]
[2022.11.16-23.59.39:433][  0]LogConfig: Setting CVar [[r.SSS.Quality:1]]
[2022.11.16-23.59.39:433][  0]LogConfig: Setting CVar [[r.SSS.HalfRes:0]]
[2022.11.16-23.59.39:433][  0]LogConfig: Setting CVar [[r.SSGI.Quality:3]]
[2022.11.16-23.59.39:433][  0]LogConfig: Setting CVar [[r.EmitterSpawnRateScale:1.0]]
[2022.11.16-23.59.39:433][  0]LogConfig: Setting CVar [[r.ParticleLightQuality:2]]
[2022.11.16-23.59.39:433][  0]LogConfig: Setting CVar [[r.SkyAtmosphere.AerialPerspectiveLUT.FastApplyOnOpaque:1 ; Always have FastSkyLUT 1 in this case to avoid wrong sky]]
[2022.11.16-23.59.39:433][  0]LogConfig: Setting CVar [[r.SkyAtmosphere.AerialPerspectiveLUT.SampleCountMaxPerSlice:4]]
[2022.11.16-23.59.39:433][  0]LogConfig: Setting CVar [[r.SkyAtmosphere.AerialPerspectiveLUT.DepthResolution:16.0]]
[2022.11.16-23.59.39:433][  0]LogConfig: Setting CVar [[r.SkyAtmosphere.FastSkyLUT:1]]
[2022.11.16-23.59.39:433][  0]LogConfig: Setting CVar [[r.SkyAtmosphere.FastSkyLUT.SampleCountMin:4.0]]
[2022.11.16-23.59.39:433][  0]LogConfig: Setting CVar [[r.SkyAtmosphere.FastSkyLUT.SampleCountMax:128.0]]
[2022.11.16-23.59.39:433][  0]LogConfig: Setting CVar [[r.SkyAtmosphere.SampleCountMin:4.0]]
[2022.11.16-23.59.39:433][  0]LogConfig: Setting CVar [[r.SkyAtmosphere.SampleCountMax:128.0]]
[2022.11.16-23.59.39:433][  0]LogConfig: Setting CVar [[r.SkyAtmosphere.TransmittanceLUT.UseSmallFormat:0]]
[2022.11.16-23.59.39:433][  0]LogConfig: Setting CVar [[r.SkyAtmosphere.TransmittanceLUT.SampleCount:10.0]]
[2022.11.16-23.59.39:433][  0]LogConfig: Setting CVar [[r.SkyAtmosphere.MultiScatteringLUT.SampleCount:15.0]]
[2022.11.16-23.59.39:433][  0]LogConfig: Setting CVar [[r.SkyLight.RealTimeReflectionCapture:1]]
[2022.11.16-23.59.39:433][  0]LogConfig: Applying CVar settings from Section [FoliageQuality@3] File [C:/Users/sarvz/Projects/SpellTower/SpellTower/Saved/Config/Windows/Scalability.ini]
[2022.11.16-23.59.39:433][  0]LogConfig: Setting CVar [[foliage.DensityScale:1.0]]
[2022.11.16-23.59.39:433][  0]LogConfig: Setting CVar [[grass.DensityScale:1.0]]
[2022.11.16-23.59.39:433][  0]LogConfig: Applying CVar settings from Section [ShadingQuality@3] File [C:/Users/sarvz/Projects/SpellTower/SpellTower/Saved/Config/Windows/Scalability.ini]
[2022.11.16-23.59.39:433][  0]LogConfig: Setting CVar [[r.HairStrands.SkyLighting.IntegrationType:2]]
[2022.11.16-23.59.39:433][  0]LogConfig: Setting CVar [[r.HairStrands.SkyAO.SampleCount:4]]
[2022.11.16-23.59.39:433][  0]LogConfig: Setting CVar [[r.HairStrands.Visibility.MSAA.SamplePerPixel:4]]
[2022.11.16-23.59.39:433][  0]LogInit: Selected Device Profile: [Windows]
[2022.11.16-23.59.39:433][  0]LogInit: Applying CVar settings loaded from the selected device profile: [Windows]
[2022.11.16-23.59.39:433][  0]LogHAL: Display: Platform has ~ 16 GB [17010110464 / 17179869184 / 16], which maps to Larger [LargestMinGB=32, LargerMinGB=12, DefaultMinGB=8, SmallerMinGB=6, SmallestMinGB=0)
[2022.11.16-23.59.39:433][  0]LogInit: Going up to parent DeviceProfile []
[2022.11.16-23.59.39:433][  0]LogConfig: Applying CVar settings from Section [ViewDistanceQuality@3] File [C:/Users/sarvz/Projects/SpellTower/SpellTower/Saved/Config/Windows/Scalability.ini]
[2022.11.16-23.59.39:433][  0]LogConfig: Setting CVar [[r.SkeletalMeshLODBias:0]]
[2022.11.16-23.59.39:433][  0]LogConfig: Setting CVar [[r.ViewDistanceScale:1.0]]
[2022.11.16-23.59.39:433][  0]LogConfig: Applying CVar settings from Section [AntiAliasingQuality@3] File [C:/Users/sarvz/Projects/SpellTower/SpellTower/Saved/Config/Windows/Scalability.ini]
[2022.11.16-23.59.39:433][  0]LogConfig: Setting CVar [[r.PostProcessAAQuality:4]]
[2022.11.16-23.59.39:433][  0]LogConfig: Applying CVar settings from Section [ShadowQuality@3] File [C:/Users/sarvz/Projects/SpellTower/SpellTower/Saved/Config/Windows/Scalability.ini]
[2022.11.16-23.59.39:433][  0]LogConfig: Setting CVar [[r.LightFunctionQuality:1]]
[2022.11.16-23.59.39:433][  0]LogConfig: Setting CVar [[r.ShadowQuality:5]]
[2022.11.16-23.59.39:433][  0]LogConfig: Setting CVar [[r.Shadow.CSM.MaxCascades:10]]
[2022.11.16-23.59.39:433][  0]LogConfig: Setting CVar [[r.Shadow.MaxResolution:2048]]
[2022.11.16-23.59.39:433][  0]LogConfig: Setting CVar [[r.Shadow.MaxCSMResolution:2048]]
[2022.11.16-23.59.39:433][  0]LogConfig: Setting CVar [[r.Shadow.RadiusThreshold:0.01]]
[2022.11.16-23.59.39:433][  0]LogConfig: Setting CVar [[r.Shadow.DistanceScale:1.0]]
[2022.11.16-23.59.39:433][  0]LogConfig: Setting CVar [[r.Shadow.CSM.TransitionScale:1.0]]
[2022.11.16-23.59.39:433][  0]LogConfig: Setting CVar [[r.Shadow.PreShadowResolutionFactor:1.0]]
[2022.11.16-23.59.39:433][  0]LogConfig: Setting CVar [[r.DistanceFieldShadowing:1]]
[2022.11.16-23.59.39:433][  0]LogConfig: Setting CVar [[r.DistanceFieldAO:1]]
[2022.11.16-23.59.39:433][  0]LogConfig: Setting CVar [[r.AOQuality:2]]
[2022.11.16-23.59.39:433][  0]LogConfig: Setting CVar [[r.VolumetricFog:1]]
[2022.11.16-23.59.39:433][  0]LogConfig: Setting CVar [[r.VolumetricFog.GridPixelSize:8]]
[2022.11.16-23.59.39:433][  0]LogConfig: Setting CVar [[r.VolumetricFog.GridSizeZ:128]]
[2022.11.16-23.59.39:433][  0]LogConfig: Setting CVar [[r.VolumetricFog.HistoryMissSupersampleCount:4]]
[2022.11.16-23.59.39:433][  0]LogConfig: Setting CVar [[r.LightMaxDrawDistanceScale:1]]
[2022.11.16-23.59.39:433][  0]LogConfig: Setting CVar [[r.CapsuleShadows:1]]
[2022.11.16-23.59.39:433][  0]LogConfig: Applying CVar settings from Section [PostProcessQuality@3] File [C:/Users/sarvz/Projects/SpellTower/SpellTower/Saved/Config/Windows/Scalability.ini]
[2022.11.16-23.59.39:433][  0]LogConfig: Setting CVar [[r.MotionBlurQuality:4]]
[2022.11.16-23.59.39:433][  0]LogConfig: Setting CVar [[r.AmbientOcclusionMipLevelFactor:0.4]]
[2022.11.16-23.59.39:433][  0]LogConfig: Setting CVar [[r.AmbientOcclusionMaxQuality:100]]
[2022.11.16-23.59.39:433][  0]LogConfig: Setting CVar [[r.AmbientOcclusionLevels:-1]]
[2022.11.16-23.59.39:433][  0]LogConfig: Setting CVar [[r.AmbientOcclusionRadiusScale:1.0]]
[2022.11.16-23.59.39:433][  0]LogConfig: Setting CVar [[r.DepthOfFieldQuality:2]]
[2022.11.16-23.59.39:433][  0]LogConfig: Setting CVar [[r.RenderTargetPoolMin:400]]
[2022.11.16-23.59.39:433][  0]LogConfig: Setting CVar [[r.LensFlareQuality:2]]
[2022.11.16-23.59.39:433][  0]LogConfig: Setting CVar [[r.SceneColorFringeQuality:1]]
[2022.11.16-23.59.39:433][  0]LogConfig: Setting CVar [[r.EyeAdaptationQuality:2]]
[2022.11.16-23.59.39:433][  0]LogConfig: Setting CVar [[r.BloomQuality:5]]
[2022.11.16-23.59.39:433][  0]LogConfig: Setting CVar [[r.FastBlurThreshold:100]]
[2022.11.16-23.59.39:433][  0]LogConfig: Setting CVar [[r.Upscale.Quality:3]]
[2022.11.16-23.59.39:433][  0]LogConfig: Setting CVar [[r.Tonemapper.GrainQuantization:1]]
[2022.11.16-23.59.39:433][  0]LogConfig: Setting CVar [[r.LightShaftQuality:1]]
[2022.11.16-23.59.39:433][  0]LogConfig: Setting CVar [[r.Filter.SizeScale:1]]
[2022.11.16-23.59.39:433][  0]LogConfig: Setting CVar [[r.Tonemapper.Quality:5]]
[2022.11.16-23.59.39:433][  0]LogConfig: Setting CVar [[r.DOF.Gather.AccumulatorQuality:1        ; higher gathering accumulator quality]]
[2022.11.16-23.59.39:433][  0]LogConfig: Setting CVar [[r.DOF.Gather.PostfilterMethod:1          ; Median3x3 postfilering method]]
[2022.11.16-23.59.39:433][  0]LogConfig: Setting CVar [[r.DOF.Gather.EnableBokehSettings:0       ; no bokeh simulation when gathering]]
[2022.11.16-23.59.39:433][  0]LogConfig: Setting CVar [[r.DOF.Gather.RingCount:4                 ; medium number of samples when gathering]]
[2022.11.16-23.59.39:433][  0]LogConfig: Setting CVar [[r.DOF.Scatter.ForegroundCompositing:1    ; additive foreground scattering]]
[2022.11.16-23.59.39:433][  0]LogConfig: Setting CVar [[r.DOF.Scatter.BackgroundCompositing:2    ; additive background scattering]]
[2022.11.16-23.59.39:433][  0]LogConfig: Setting CVar [[r.DOF.Scatter.EnableBokehSettings:1      ; bokeh simulation when scattering]]
[2022.11.16-23.59.39:433][  0]LogConfig: Setting CVar [[r.DOF.Scatter.MaxSpriteRatio:0.1         ; only a maximum of 10% of scattered bokeh]]
[2022.11.16-23.59.39:433][  0]LogConfig: Setting CVar [[r.DOF.Recombine.Quality:1                ; cheap slight out of focus]]
[2022.11.16-23.59.39:433][  0]LogConfig: Setting CVar [[r.DOF.Recombine.EnableBokehSettings:0    ; no bokeh simulation on slight out of focus]]
[2022.11.16-23.59.39:433][  0]LogConfig: Setting CVar [[r.DOF.TemporalAAQuality:1                ; more stable temporal accumulation]]
[2022.11.16-23.59.39:433][  0]LogConfig: Setting CVar [[r.DOF.Kernel.MaxForegroundRadius:0.025]]
[2022.11.16-23.59.39:433][  0]LogConfig: Setting CVar [[r.DOF.Kernel.MaxBackgroundRadius:0.025]]
[2022.11.16-23.59.39:433][  0]LogConfig: Applying CVar settings from Section [TextureQuality@3] File [C:/Users/sarvz/Projects/SpellTower/SpellTower/Saved/Config/Windows/Scalability.ini]
[2022.11.16-23.59.39:433][  0]LogConfig: Setting CVar [[r.Streaming.MipBias:0]]
[2022.11.16-23.59.39:433][  0]LogConfig: Setting CVar [[r.Streaming.AmortizeCPUToGPUCopy:0]]
[2022.11.16-23.59.39:433][  0]LogConfig: Setting CVar [[r.Streaming.MaxNumTexturesToStreamPerFrame:0]]
[2022.11.16-23.59.39:433][  0]LogConfig: Setting CVar [[r.Streaming.Boost:1]]
[2022.11.16-23.59.39:433][  0]LogConfig: Setting CVar [[r.MaxAnisotropy:8]]
[2022.11.16-23.59.39:433][  0]LogConfig: Setting CVar [[r.VT.MaxAnisotropy:8]]
[2022.11.16-23.59.39:433][  0]LogConfig: Setting CVar [[r.Streaming.LimitPoolSizeToVRAM:0]]
[2022.11.16-23.59.39:433][  0]LogConfig: Setting CVar [[r.Streaming.PoolSize:1000]]
[2022.11.16-23.59.39:433][  0]LogConfig: Setting CVar [[r.Streaming.MaxEffectiveScreenSize:0]]
[2022.11.16-23.59.39:433][  0]LogConfig: Applying CVar settings from Section [EffectsQuality@3] File [C:/Users/sarvz/Projects/SpellTower/SpellTower/Saved/Config/Windows/Scalability.ini]
[2022.11.16-23.59.39:433][  0]LogConfig: Setting CVar [[r.TranslucencyLightingVolumeDim:64]]
[2022.11.16-23.59.39:433][  0]LogConfig: Setting CVar [[r.RefractionQuality:2]]
[2022.11.16-23.59.39:433][  0]LogConfig: Setting CVar [[r.SSR.Quality:3]]
[2022.11.16-23.59.39:433][  0]LogConfig: Setting CVar [[r.SSR.HalfResSceneColor:0]]
[2022.11.16-23.59.39:433][  0]LogConfig: Setting CVar [[r.SceneColorFormat:4]]
[2022.11.16-23.59.39:433][  0]LogConfig: Setting CVar [[r.DetailMode:2]]
[2022.11.16-23.59.39:433][  0]LogConfig: Setting CVar [[r.TranslucencyVolumeBlur:1]]
[2022.11.16-23.59.39:433][  0]LogConfig: Setting CVar [[r.MaterialQualityLevel:1 ; High quality]]
[2022.11.16-23.59.39:433][  0]LogConfig: Setting CVar [[r.AnisotropicMaterials:1]]
[2022.11.16-23.59.39:433][  0]LogConfig: Setting CVar [[r.SSS.Scale:1]]
[2022.11.16-23.59.39:433][  0]LogConfig: Setting CVar [[r.SSS.SampleSet:2]]
[2022.11.16-23.59.39:433][  0]LogConfig: Setting CVar [[r.SSS.Quality:1]]
[2022.11.16-23.59.39:433][  0]LogConfig: Setting CVar [[r.SSS.HalfRes:0]]
[2022.11.16-23.59.39:433][  0]LogConfig: Setting CVar [[r.SSGI.Quality:3]]
[2022.11.16-23.59.39:433][  0]LogConfig: Setting CVar [[r.EmitterSpawnRateScale:1.0]]
[2022.11.16-23.59.39:433][  0]LogConfig: Setting CVar [[r.ParticleLightQuality:2]]
[2022.11.16-23.59.39:433][  0]LogConfig: Setting CVar [[r.SkyAtmosphere.AerialPerspectiveLUT.FastApplyOnOpaque:1 ; Always have FastSkyLUT 1 in this case to avoid wrong sky]]
[2022.11.16-23.59.39:433][  0]LogConfig: Setting CVar [[r.SkyAtmosphere.AerialPerspectiveLUT.SampleCountMaxPerSlice:4]]
[2022.11.16-23.59.39:433][  0]LogConfig: Setting CVar [[r.SkyAtmosphere.AerialPerspectiveLUT.DepthResolution:16.0]]
[2022.11.16-23.59.39:434][  0]LogConfig: Setting CVar [[r.SkyAtmosphere.FastSkyLUT:1]]
[2022.11.16-23.59.39:434][  0]LogConfig: Setting CVar [[r.SkyAtmosphere.FastSkyLUT.SampleCountMin:4.0]]
[2022.11.16-23.59.39:434][  0]LogConfig: Setting CVar [[r.SkyAtmosphere.FastSkyLUT.SampleCountMax:128.0]]
[2022.11.16-23.59.39:434][  0]LogConfig: Setting CVar [[r.SkyAtmosphere.SampleCountMin:4.0]]
[2022.11.16-23.59.39:434][  0]LogConfig: Setting CVar [[r.SkyAtmosphere.SampleCountMax:128.0]]
[2022.11.16-23.59.39:434][  0]LogConfig: Setting CVar [[r.SkyAtmosphere.TransmittanceLUT.UseSmallFormat:0]]
[2022.11.16-23.59.39:434][  0]LogConfig: Setting CVar [[r.SkyAtmosphere.TransmittanceLUT.SampleCount:10.0]]
[2022.11.16-23.59.39:434][  0]LogConfig: Setting CVar [[r.SkyAtmosphere.MultiScatteringLUT.SampleCount:15.0]]
[2022.11.16-23.59.39:434][  0]LogConfig: Setting CVar [[r.SkyLight.RealTimeReflectionCapture:1]]
[2022.11.16-23.59.39:434][  0]LogConfig: Applying CVar settings from Section [FoliageQuality@3] File [C:/Users/sarvz/Projects/SpellTower/SpellTower/Saved/Config/Windows/Scalability.ini]
[2022.11.16-23.59.39:434][  0]LogConfig: Setting CVar [[foliage.DensityScale:1.0]]
[2022.11.16-23.59.39:434][  0]LogConfig: Setting CVar [[grass.DensityScale:1.0]]
[2022.11.16-23.59.39:434][  0]LogConfig: Applying CVar settings from Section [ShadingQuality@3] File [C:/Users/sarvz/Projects/SpellTower/SpellTower/Saved/Config/Windows/Scalability.ini]
[2022.11.16-23.59.39:434][  0]LogConfig: Setting CVar [[r.HairStrands.SkyLighting.IntegrationType:2]]
[2022.11.16-23.59.39:434][  0]LogConfig: Setting CVar [[r.HairStrands.SkyAO.SampleCount:4]]
[2022.11.16-23.59.39:434][  0]LogConfig: Setting CVar [[r.HairStrands.Visibility.MSAA.SamplePerPixel:4]]
[2022.11.16-23.59.39:434][  0]LogConfig: Applying CVar settings from Section [Startup] File [../../../Engine/Config/ConsoleVariables.ini]
[2022.11.16-23.59.39:434][  0]LogConfig: Setting CVar [[net.UseAdaptiveNetUpdateFrequency:0]]
[2022.11.16-23.59.39:434][  0]LogConfig: Setting CVar [[p.chaos.AllowCreatePhysxBodies:1]]
[2022.11.16-23.59.39:434][  0]LogConfig: Setting CVar [[fx.SkipVectorVMBackendOptimizations:1]]
[2022.11.16-23.59.39:434][  0]LogConfig: Applying CVar settings from Section [ConsoleVariables] File [C:/Users/sarvz/Projects/SpellTower/SpellTower/Saved/Config/Windows/Engine.ini]
[2022.11.16-23.59.39:434][  0]LogConfig: Applying CVar settings from Section [ConsoleVariables] File [C:/Users/sarvz/Projects/SpellTower/SpellTower/Saved/Config/Windows/Editor.ini]
[2022.11.16-23.59.39:434][  0]LogInit: Computer: DESKTOP-T4VHBKV
[2022.11.16-23.59.39:434][  0]LogInit: User: sarvz
[2022.11.16-23.59.39:434][  0]LogInit: CPU Page size=4096, Cores=6
[2022.11.16-23.59.39:434][  0]LogInit: High frequency timer resolution =10.000000 MHz
[2022.11.16-23.59.39:434][  0]LogMemory: Memory total: Physical=15.8GB (16GB approx)
[2022.11.16-23.59.39:434][  0]LogMemory: Platform Memory Stats for Windows
[2022.11.16-23.59.39:434][  0]LogMemory: Process Physical Memory: 144.11 MB used, 144.11 MB peak
[2022.11.16-23.59.39:434][  0]LogMemory: Process Virtual Memory: 123.62 MB used, 123.62 MB peak
[2022.11.16-23.59.39:434][  0]LogMemory: Physical Memory: 8139.65 MB used,  8082.45 MB free, 16222.11 MB total
[2022.11.16-23.59.39:434][  0]LogMemory: Virtual Memory: 134213784.00 MB used,  3943.11 MB free, 134217728.00 MB total
[2022.11.16-23.59.39:438][  0]LogWindows: WindowsPlatformFeatures enabled
[2022.11.16-23.59.39:460][  0]LogInit: Physics initialised using underlying interface: PhysX
[2022.11.16-23.59.39:460][  0]LogInit: Using OS detected language (en-US).
[2022.11.16-23.59.39:460][  0]LogInit: Using OS detected locale (en-US).
[2022.11.16-23.59.39:461][  0]LogTextLocalizationManager: No specific localization for 'en-US' exists, so the 'en' localization will be used.
[2022.11.16-23.59.39:630][  0]LogWindowsTextInputMethodSystem: Display: IME system deactivated.
[2022.11.16-23.59.39:643][  0]LogSlate: New Slate User Created.  User Index 0, Is Virtual User: 0
[2022.11.16-23.59.39:643][  0]LogSlate: Slate User Registered.  User Index 0, Is Virtual User: 0
[2022.11.16-23.59.39:649][  0]LogD3D11RHI: Loaded GFSDK_Aftermath_Lib.x64.dll
[2022.11.16-23.59.39:651][  0]LogHMD: Failed to initialize OpenVR with code 110
[2022.11.16-23.59.39:651][  0]LogD3D11RHI: D3D11 min allowed feature level: 11_0
[2022.11.16-23.59.39:651][  0]LogD3D11RHI: D3D11 max allowed feature level: 11_0
[2022.11.16-23.59.39:651][  0]LogD3D11RHI: D3D11 adapters:
[2022.11.16-23.59.39:709][  0]LogD3D11RHI:    0. 'NVIDIA GeForce RTX 3050' (Feature Level 11_0)
[2022.11.16-23.59.39:709][  0]LogD3D11RHI:       8070/0/8111 MB DedicatedVideo/DedicatedSystem/SharedSystem, Outputs:1, VendorId:0x10de
[2022.11.16-23.59.39:710][  0]LogD3D11RHI:    1. 'Microsoft Basic Render Driver' (Feature Level 11_0)
[2022.11.16-23.59.39:710][  0]LogD3D11RHI:       0/0/8111 MB DedicatedVideo/DedicatedSystem/SharedSystem, Outputs:0, VendorId:0x1414
[2022.11.16-23.59.39:710][  0]LogD3D11RHI: Chosen D3D11 Adapter:
[2022.11.16-23.59.39:710][  0]LogD3D11RHI:     Description : NVIDIA GeForce RTX 3050
[2022.11.16-23.59.39:710][  0]LogD3D11RHI:     VendorId    : 10de
[2022.11.16-23.59.39:710][  0]LogD3D11RHI:     DeviceId    : 2507
[2022.11.16-23.59.39:710][  0]LogD3D11RHI:     SubSysId    : 163d10de
[2022.11.16-23.59.39:710][  0]LogD3D11RHI:     Revision    : 00a1
[2022.11.16-23.59.39:710][  0]LogD3D11RHI:     DedicatedVideoMemory : 8462008320 bytes
[2022.11.16-23.59.39:710][  0]LogD3D11RHI:     DedicatedSystemMemory : 0 bytes
[2022.11.16-23.59.39:710][  0]LogD3D11RHI:     SharedSystemMemory : 8505055232 bytes
[2022.11.16-23.59.39:710][  0]LogD3D11RHI:     AdapterLuid : 0 48961
[2022.11.16-23.59.39:715][  0]LogD3D11RHI: Creating new Direct3DDevice
[2022.11.16-23.59.39:715][  0]LogD3D11RHI:     GPU DeviceId: 0x2507 (for the marketing name, search the web for "GPU Device Id")
[2022.11.16-23.59.39:715][  0]LogWindows: EnumDisplayDevices:
[2022.11.16-23.59.39:715][  0]LogWindows:    0. 'NVIDIA GeForce RTX 3050' (P:1 D:1)
[2022.11.16-23.59.39:715][  0]LogWindows:    1. 'NVIDIA GeForce RTX 3050' (P:0 D:0)
[2022.11.16-23.59.39:715][  0]LogWindows:    2. 'NVIDIA GeForce RTX 3050' (P:0 D:0)
[2022.11.16-23.59.39:715][  0]LogWindows:    3. 'NVIDIA GeForce RTX 3050' (P:0 D:0)
[2022.11.16-23.59.39:716][  0]LogWindows: DebugString: FoundDriverCount:4 
[2022.11.16-23.59.39:716][  0]LogD3D11RHI:     Adapter Name: NVIDIA GeForce RTX 3050
[2022.11.16-23.59.39:716][  0]LogD3D11RHI:   Driver Version: 516.94 (internal:31.0.15.1694, unified:516.94)
[2022.11.16-23.59.39:716][  0]LogD3D11RHI:      Driver Date: 7-21-2022
[2022.11.16-23.59.39:716][  0]LogRHI: Texture pool is 5649 MB (70% of 8070 MB)
[2022.11.16-23.59.39:716][  0]LogD3D11RHI: Creating D3DDevice using adapter:
[2022.11.16-23.59.39:716][  0]LogD3D11RHI:     Description : NVIDIA GeForce RTX 3050
[2022.11.16-23.59.39:716][  0]LogD3D11RHI:     VendorId    : 10de
[2022.11.16-23.59.39:716][  0]LogD3D11RHI:     DeviceId    : 2507
[2022.11.16-23.59.39:716][  0]LogD3D11RHI:     SubSysId    : 163d10de
[2022.11.16-23.59.39:716][  0]LogD3D11RHI:     Revision    : 00a1
[2022.11.16-23.59.39:716][  0]LogD3D11RHI:     DedicatedVideoMemory : 8462008320 bytes
[2022.11.16-23.59.39:716][  0]LogD3D11RHI:     DedicatedSystemMemory : 0 bytes
[2022.11.16-23.59.39:716][  0]LogD3D11RHI:     SharedSystemMemory : 8505055232 bytes
[2022.11.16-23.59.39:716][  0]LogD3D11RHI:     AdapterLuid : 0 48961
[2022.11.16-23.59.39:758][  0]LogD3D11RHI: RHI has support for 64 bit atomics
[2022.11.16-23.59.39:758][  0]LogD3D11RHI: Async texture creation enabled
[2022.11.16-23.59.39:758][  0]LogD3D11RHI: Array index from any shader is supported
[2022.11.16-23.59.39:775][  0]LogD3D11RHI: GPU Timing Frequency: 1000.000000 (Debug: 2 2)
[2022.11.16-23.59.39:788][  0]LogRHI: GeForceNow SDK initialized: 1
[2022.11.16-23.59.39:999][  0]LogTargetPlatformManager: Display: Loaded TargetPlatform 'WindowsNoEditor'
[2022.11.16-23.59.40:005][  0]LogTargetPlatformManager: Display: Loaded TargetPlatform 'Windows'
[2022.11.16-23.59.40:010][  0]LogTargetPlatformManager: Display: Loaded TargetPlatform 'WindowsClient'
[2022.11.16-23.59.40:013][  0]LogTargetPlatformManager: Display: Loaded TargetPlatform 'WindowsServer'
[2022.11.16-23.59.40:013][  0]LogTargetPlatformManager: Display: Building Assets For Windows
[2022.11.16-23.59.40:016][  0]LogAudioDebug: Display: Lib vorbis DLL was dynamically loaded.
[2022.11.16-23.59.40:031][  0]LogTextureFormatOodle: Display: Oodle Texture 2.9.0 init RDO Off
[2022.11.16-23.59.40:049][  0]LogRendererCore: Ray tracing is disabled. Reason: r.RayTracing=0.
[2022.11.16-23.59.40:049][  0]LogShaderCompilers: Guid format shader working directory is -15 characters bigger than the processId version (../../../../../../Users/sarvz/Projects/SpellTower/SpellTower/Intermediate/Shaders/WorkingDirectory/16160/).
[2022.11.16-23.59.40:050][  0]LogShaderCompilers: Cleaned the shader compiler working directory 'C:/Users/sarvz/AppData/Local/Temp/UnrealShaderWorkingDir/15257F96433197A7D4F24280CDC62C26/'.
[2022.11.16-23.59.40:050][  0]LogXGEController: Cannot use XGE Controller as Incredibuild is not installed on this machine.
[2022.11.16-23.59.40:050][  0]LogShaderCompilers: Cannot use XGE Shader Compiler as Incredibuild is not installed on this machine.
[2022.11.16-23.59.40:050][  0]LogShaderCompilers: Display: Using Local Shader Compiler.
[2022.11.16-23.59.40:557][  0]LogDerivedDataCache: Display: Max Cache Size: 512 MB
[2022.11.16-23.59.40:617][  0]LogDerivedDataCache: Loaded boot cache 0.06s 94MB C:/Users/sarvz/AppData/Local/UnrealEngine/4.27/DerivedDataCache/Boot.ddc.
[2022.11.16-23.59.40:618][  0]LogDerivedDataCache: Display: Loaded Boot cache: C:/Users/sarvz/AppData/Local/UnrealEngine/4.27/DerivedDataCache/Boot.ddc
[2022.11.16-23.59.40:618][  0]LogDerivedDataCache: FDerivedDataBackendGraph:  Pak pak cache file ../../../../../../Users/sarvz/Projects/SpellTower/SpellTower/DerivedDataCache/DDC.ddp not found, will not use a pak cache.
[2022.11.16-23.59.40:618][  0]LogDerivedDataCache: Unable to find inner node Pak for hierarchical cache Hierarchy.
[2022.11.16-23.59.40:618][  0]LogDerivedDataCache: FDerivedDataBackendGraph:  CompressedPak pak cache file ../../../../../../Users/sarvz/Projects/SpellTower/SpellTower/DerivedDataCache/Compressed.ddp not found, will not use a pak cache.
[2022.11.16-23.59.40:618][  0]LogDerivedDataCache: Unable to find inner node CompressedPak for hierarchical cache Hierarchy.
[2022.11.16-23.59.40:631][  0]LogDerivedDataCache: Display: Pak cache opened for reading ../../../Engine/DerivedDataCache/Compressed.ddp.
[2022.11.16-23.59.40:632][  0]LogDerivedDataCache: FDerivedDataBackendGraph:  EnterprisePak pak cache file ../../../Enterprise/DerivedDataCache/Compressed.ddp not found, will not use a pak cache.
[2022.11.16-23.59.40:632][  0]LogDerivedDataCache: Unable to find inner node EnterprisePak for hierarchical cache Hierarchy.
[2022.11.16-23.59.40:645][  0]LogDerivedDataCache: Speed tests for C:/Users/sarvz/AppData/Local/UnrealEngine/Common/DerivedDataCache took 0.01 seconds
[2022.11.16-23.59.40:645][  0]LogDerivedDataCache: Display: Performance to C:/Users/sarvz/AppData/Local/UnrealEngine/Common/DerivedDataCache: Latency=0.01ms. RandomReadSpeed=1980.59MBs, RandomWriteSpeed=77.01MBs. Assigned SpeedClass 'Local'
[2022.11.16-23.59.40:645][  0]LogDerivedDataCache: Using Local data cache path C:/Users/sarvz/AppData/Local/UnrealEngine/Common/DerivedDataCache: Writable
[2022.11.16-23.59.40:645][  0]LogDerivedDataCache: Shared data cache path not found in *engine.ini, will not use an Shared cache.
[2022.11.16-23.59.40:645][  0]LogDerivedDataCache: Unable to find inner node Shared for hierarchical cache Hierarchy.
[2022.11.16-23.59.40:658][  0]LogSlate: Using FreeType 2.10.0
[2022.11.16-23.59.40:658][  0]LogSlate: SlateFontServices - WITH_FREETYPE: 1, WITH_HARFBUZZ: 1
[2022.11.16-23.59.40:771][  0]LogInit: Using OS detected language (en-US).
[2022.11.16-23.59.40:771][  0]LogInit: Using OS detected locale (en-US).
[2022.11.16-23.59.40:771][  0]LogTextLocalizationManager: No localization for 'en-US' exists, so 'en' will be used for the language.
[2022.11.16-23.59.40:771][  0]LogTextLocalizationManager: No localization for 'en-US' exists, so 'en' will be used for the locale.
[2022.11.16-23.59.40:771][  0]LogSlate: FontCache flush requested. Reason: Culture for localization was changed
[2022.11.16-23.59.40:771][  0]LogSlate: FontCache flush requested. Reason: Culture for localization was changed
[2022.11.16-23.59.40:775][  0]LogTextLocalizationManager: Compacting localization data took   0.01ms
[2022.11.16-23.59.40:775][  0]LogAssetRegistry: FAssetRegistry took 0.0013 seconds to start up
[2022.11.16-23.59.40:886][  0]LogPackageLocalizationCache: Processed 27 localized package path(s) for 1 prioritized culture(s) in 0.000675 seconds
[2022.11.16-23.59.40:925][  0]LogInit: Selected Device Profile: [Windows]
[2022.11.16-23.59.40:925][  0]LogInit: Active device profile: [0000000032DF5400][000000002956A7C0 49] Windows
[2022.11.16-23.59.40:925][  0]LogInit: Profiles: [0000000032DF5400][000000002956A7C0 49] Windows, [0000000032D9AA00][0000000029572940 49] WindowsNoEditor, [0000000032DF5200][000000002956EA80 49] WindowsServer, [0000000032D99000][0000000029576BC0 49] WindowsClient, [0000000032D83F00][0000000029146D00 49] IOS, [0000000032DF7400][000000002914AE40 49] iPadAir, [0000000032D98300][0000000029152FC0 49] iPadAir2, [0000000032D2C700][000000002915B280 49] IPadPro, [0000000032D2C800][00000000291572C0 49] iPadAir3, [0000000032D81B00][000000002915F440 49] iPadAir4, [0000000032D2D500][00000000291635C0 49] iPadMini2, [0000000032D81600][0000000029167740 49] iPadMini3, [0000000032D2F400][000000002916B8C0 49] iPadMini4, [0000000032D81300][000000002916FA40 49] iPadMini5, [0000000032D23F00][0000000029176180 49] iPhone6, [0000000032D23E00][00000000291721C0 49] iPodTouch6, [0000000032DF7200][000000002917E480 49] iPhone7, [0000000032DF7100][000000002917A4C0 49] iPodTouch7, [0000000032D20600][0000000029182640 49] iPhone5S, [0000000032D2F100][00000000291867C0 49] iPhone6Plus, [0000000032D22000][000000002918A940 49] iPhone6S, [0000000032D2D200][000000002918EAC0 49] iPhone6SPlus, [0000000032D20A00][0000000029466C40 49] iPhone7Plus, [0000000032D2FF00][000000002914ED80 49] iPhoneSE, [0000000032DF6D00][000000002946AEC0 49] iPhone8, [0000000032D2DD00][000000002946F000 49] iPhone8Plus, [0000000032DF4600][0000000029477180 49] iPhoneX, [0000000032D2DC00][000000002947B300 49] iPhoneXS, [0000000032DF4C00][000000002947F480 49] iPhoneXSMax, [0000000032D2FA00][0000000029483600 49] iPhoneXR, [0000000032DF4E00][0000000029487780 49] iPhone11, [0000000032D2D000][000000002948B900 49] iPhone11Pro, [0000000032DF5900][000000002948FA80 49] iPhone11ProMax, [0000000032D2D800][0000000029493C00 49] iPhoneSE2, [0000000032DF6E00][0000000029496200 49] iPhone12Mini, [0000000032D2E200][000000002949A380 49] iPhone12, [0000000032DF4B00][000000002949E500 49] iPhone12Pro, [0000000032D2CA00][00000000294A2680 49] iPhone12ProMax, [0000000032DF5B00][00000000294A6800 49] iPadPro105, [0000000032D2FE00][00000000294AA980 49] iPadPro129, [0000000032DF7900][00000000294AEB00 49] iPadPro97, [0000000032D2E100][00000000294B2C80 49] iPadPro2_129, [0000000032DF6C00][00000000294B6E00 49] iPad5, [0000000032D2C400][0000000029472F40 49] iPad6, [0000000032DF7700][00000000294BB080 49] iPad7, [0000000032D2D100][00000000294BF1C0 49] iPad8, [0000000032DF6400][00000000294C7340 49] iPadPro11, [0000000032D2C100][00000000294CB4C0 49] iPadPro2_11, [0000000032DF5A00][00000000331F3640 49] iPadPro3_129, [0000000032D2E900][00000000331F77C0 49] iPadPro4_129, [0000000032DF5300][00000000331FB940 49] AppleTV, [0000000032D2E400][00000000331FFAC0 49] AppleTV4K, [0000000032DF4500][00000000332020C0 49] TVOS, [0000000032D2DB00][0000000033206240 49] Mac, [0000000032DF5800][000000003320A3C0 49] MacClient, [0000000032D2E800][000000003320E540 49] MacNoEditor, [0000000032DF4800][00000000332126C0 49] MacServer, [0000000032D2E000][0000000033216840 49] Linux, [0000000032DF4900][000000003321A9C0 49] LinuxAArch64, [0000000032D2FB00][000000003321EB40 49] LinuxNoEditor, [0000000032DF4D00][0000000033222CC0 49] LinuxAArch64NoEditor, [0000000032D2D900][0000000033226E40 49] LinuxClient, [0000000032DF6800][000000003322AFC0 49] LinuxAArch64Client, [0000000032D2CB00][00000000294C3100 49] LinuxServer, [0000000032DF5F00][000000003322F240 49] LinuxAArch64Server, [0000000032D2C200][0000000033233380 49] Android, [0000000032DF5000][00000000332374C0 49] Android_Low, [0000000032D82100][000000003323F640 49] Android_Mid, [0000000032D22700][00000000332437C0 49] Android_High, [0000000032D82800][0000000033247940 49] Android_Default, [0000000032D22F00][000000003324BAC0 49] Android_Adreno4xx, [0000000032D81700][000000003324E0C0 49] Android_Adreno5xx_Low, [0000000032D21700][0000000033252240 49] Android_Adreno5xx, [0000000032D80F00][00000000332563C0 49] Android_Adreno6xx, [0000000032D21900][000000003325A540 49] Android_Adreno6xx_Vulkan, [0000000032D81000][000000003325E6C0 49] Android_Mali_T6xx, [0000000032D22A00][0000000033262840 49] Android_Mali_T7xx, [0000000032D82400][00000000332669C0 49] Android_Mali_T8xx, [0000000032D23C00][000000003326AB40 49] Android_Mali_G71, [0000000032D81D00][000000003326ECC0 49] Android_Mali_G72, [0000000032D21400][0000000033272E40 49] Android_Mali_G72_Vulkan, [0000000032D80900][0000000033276FC0 49] Android_Mali_G76, [0000000032D21100][000000003327B140 49] Android_Mali_G76_Vulkan, [0000000032D81800][000000003323B280 49] Android_Mali_G77, [0000000032D20B00][000000003327F3C0 49] Android_Mali_G77_Vulkan, [0000000032D82300][0000000033283500 49] Android_Mali_G78, [0000000032D23B00][0000000033287640 49] Android_Mali_G78_Vulkan, [0000000032D80A00][000000003328F7C0 49] Android_Mali_G710, [0000000032D22500][0000000033293940 49] Android_Mali_G710_Vulkan, [0000000032D80D00][0000000033297AC0 49] Android_Vulkan_SM5, [0000000032D22C00][000000003329A0C0 49] Android_PowerVR_G6xxx, [0000000032D82D00][000000003329E240 49] Android_PowerVR_GT7xxx, [0000000032D20D00][00000000332A23C0 49] Android_PowerVR_GE8xxx, [0000000032D82600][00000000332A6540 49] Android_PowerVR_GM9xxx, [0000000032D21200][00000000332AA6C0 49] Android_PowerVR_GM9xxx_Vulkan, [0000000032D82F00][00000000332AE840 49] Android_TegraK1, [0000000032D20900][00000000332B29C0 49] Android_Unknown_Vulkan, [0000000032D80500][00000000332B6B40 49] Lumin, [0000000032D23200][00000000332BACC0 49] Lumin_Desktop, [0000000032D81A00][00000000332BEE40 49] HoloLens, 
[2022.11.16-23.59.40:946][  0]LogMeshReduction: Using QuadricMeshReduction for automatic static mesh reduction
[2022.11.16-23.59.40:946][  0]LogMeshReduction: Using SimplygonMeshReduction for automatic skeletal mesh reduction
[2022.11.16-23.59.40:946][  0]LogMeshReduction: Using ProxyLODMeshReduction for automatic mesh merging
[2022.11.16-23.59.40:946][  0]LogMeshReduction: No distributed automatic mesh merging module available
[2022.11.16-23.59.40:946][  0]LogMeshMerging: No distributed automatic mesh merging module available
[2022.11.16-23.59.40:996][  0]LogNetVersion: SpellTower 1.0.0, NetCL: 17155196, EngineNetVer: 17, GameNetVer: 0 (Checksum: 2015223748)
[2022.11.16-23.59.41:032][  0]LogTexture: Warning: VolumeTexture /Engine/EngineSky/VolumetricClouds/T_VolumeNoiseErosion32.T_VolumeNoiseErosion32 cannot be created, rhi does not support format DXT1.
[2022.11.16-23.59.41:032][  0]LogTexture: Warning: VolumeTexture /Engine/EngineSky/VolumetricClouds/T_VolumeNoiseShape64.T_VolumeNoiseShape64 cannot be created, rhi does not support format DXT1.
[2022.11.16-23.59.41:142][  0]LogTexture: Default maximum texture size for cubemaps generated from long-lat sources has been changed from 512 to unlimited. In order to preserve old behaiour for '/Engine/MapTemplates/Sky/DaylightAmbientCubemap.DaylightAmbientCubemap', its maximum texture size has been explicitly set to 512.
[2022.11.16-23.59.41:200][  0]LogHMD: PokeAHoleMaterial loaded successfully
[2022.11.16-23.59.41:253][  0]LogMoviePlayer: Initializing movie player
[2022.11.16-23.59.41:361][  0]LogPython: Using Python 3.7.7
[2022.11.16-23.59.41:661][  0]LogNiagaraDebuggerClient: Niagara Debugger Client Initialized | Session: E3A2A7E0435F3C6A668A02862FF5E6F3 | Instance: 246D52844CEE1658A0B425B4A969F972 (DESKTOP-T4VHBKV-16160).
[2022.11.16-23.59.41:673][  0]LogCollectionManager: Loaded 0 collections in 0.001030 seconds
[2022.11.16-23.59.41:675][  0]LogFileCache: Scanning file cache for directory 'C:/Users/sarvz/Projects/SpellTower/SpellTower/Saved/Collections/' took 0.00s
[2022.11.16-23.59.41:675][  0]LogFileCache: Scanning file cache for directory 'C:/Users/sarvz/Projects/SpellTower/SpellTower/Content/Developers/sarvz/Collections/' took 0.00s
[2022.11.16-23.59.41:675][  0]LogFileCache: Scanning file cache for directory 'C:/Users/sarvz/Projects/SpellTower/SpellTower/Content/Collections/' took 0.00s
[2022.11.16-23.59.41:675][  0]LogCollectionManager: Fixed up redirectors for 0 collections in 0.000002 seconds (updated 0 objects)
[2022.11.16-23.59.41:750][  0]LogTcpMessaging: Initializing TcpMessaging bridge
[2022.11.16-23.59.41:752][  0]LogUdpMessaging: Initializing bridge on interface 0.0.0.0:0 to multicast group 230.0.0.1:6666.
[2022.11.16-23.59.41:832][  0]LogOpenImageDenoise: OIDN starting up
[2022.11.16-23.59.41:837][  0]SourceControl: Source control is disabled
[2022.11.16-23.59.41:837][  0]SourceControl: Source control is disabled
[2022.11.16-23.59.41:840][  0]LogUProjectInfo: Found projects:
[2022.11.16-23.59.41:850][  0]SourceControl: Source control is disabled
[2022.11.16-23.59.41:864][  0]LogAndroidPermission: UAndroidPermissionCallbackProxy::GetInstance
[2022.11.16-23.59.41:883][  0]LogAudioCaptureCore: Display: No Audio Capture implementations found. Audio input will be silent.
[2022.11.16-23.59.41:883][  0]LogAudioCaptureCore: Display: No Audio Capture implementations found. Audio input will be silent.
[2022.11.16-23.59.41:913][  0]LogOcInput: OculusInput pre-init called
[2022.11.16-23.59.41:920][  0]LogUObjectArray: 22138 objects as part of root set at end of initial load.
[2022.11.16-23.59.41:920][  0]LogUObjectAllocator: 6002464 out of 0 bytes used by permanent object pool.
[2022.11.16-23.59.41:920][  0]LogUObjectArray: CloseDisregardForGC: 0/0 objects in disregard for GC pool
[2022.11.16-23.59.41:953][  0]LogEngine: Initializing Engine...
[2022.11.16-23.59.41:955][  0]LogHMD: Failed to enumerate extensions. Please check that you have a valid OpenXR runtime installed.
[2022.11.16-23.59.41:955][  0]LogHMD: Failed to initialize OpenVR with code 110
[2022.11.16-23.59.41:955][  0]LogMagicLeap: Warning: VR disabled because ZI is not enabled.  To enable, in the editor, Edit -> Project Settings -> Plugins -> Magic Leap Plugin -> Enable Zero Iteration
[2022.11.16-23.59.41:956][  0]LogStats: UGameplayTagsManager::InitializeManager -  0.000 s
[2022.11.16-23.59.42:034][  0]LogInit: Initializing FReadOnlyCVARCache
[2022.11.16-23.59.42:034][  0]LogAudio: Display: Initializing Audio Device Manager...
[2022.11.16-23.59.42:037][  0]LogAudio: Display: Loading Default Audio Settings Objects...
[2022.11.16-23.59.42:037][  0]LogAudio: Display: No default SoundConcurrencyObject specified (or failed to load).
[2022.11.16-23.59.42:038][  0]LogAudio: Display: Audio Device Manager Initialized
[2022.11.16-23.59.42:038][  0]LogAudio: Display: Creating Audio Device:                 Id: 1, Scope: Shared, Realtime: True
[2022.11.16-23.59.42:038][  0]LogAudioMixer: Display: Audio Mixer Platform Settings:
[2022.11.16-23.59.42:038][  0]LogAudioMixer: Display: 	Sample Rate:						  48000
[2022.11.16-23.59.42:038][  0]LogAudioMixer: Display: 	Callback Buffer Frame Size Requested: 1024
[2022.11.16-23.59.42:038][  0]LogAudioMixer: Display: 	Callback Buffer Frame Size To Use:	  1024
[2022.11.16-23.59.42:038][  0]LogAudioMixer: Display: 	Number of buffers to queue:			  2
[2022.11.16-23.59.42:038][  0]LogAudioMixer: Display: 	Max Channels (voices):				  32
[2022.11.16-23.59.42:038][  0]LogAudioMixer: Display: 	Number of Async Source Workers:		  0
[2022.11.16-23.59.42:038][  0]LogAudio: Display: AudioDevice MaxSources: 32
[2022.11.16-23.59.42:038][  0]LogAudio: Display: Audio Spatialization Plugin: None (built-in).
[2022.11.16-23.59.42:038][  0]LogAudio: Display: Audio Reverb Plugin: None (built-in).
[2022.11.16-23.59.42:038][  0]LogAudio: Display: Audio Occlusion Plugin: None (built-in).
[2022.11.16-23.59.42:038][  0]LogAudioMixer: Display: Initializing audio mixer.
[2022.11.16-23.59.42:045][  0]LogAudioMixer: Display: 0: FrontLeft
[2022.11.16-23.59.42:045][  0]LogAudioMixer: Display: 1: FrontRight
[2022.11.16-23.59.42:055][  0]LogAudioMixer: Display: Using Audio Device AAA (NVIDIA High Definition Audio)
[2022.11.16-23.59.42:060][  0]LogAudioMixer: Display: Initializing Sound Submixes...
[2022.11.16-23.59.42:061][  0]LogAudioMixer: Display: Creating Master Submix 'MasterSubmixDefault'
[2022.11.16-23.59.42:061][  0]LogAudioMixer: Display: Creating Master Submix 'MasterReverbSubmixDefault'
[2022.11.16-23.59.42:062][  0]LogAudioMixer: Display: Creating Master Submix 'MasterEQSubmixDefault'
[2022.11.16-23.59.42:062][  0]LogAudioMixer: FMixerPlatformXAudio2::StartAudioStream() called
[2022.11.16-23.59.42:062][  0]LogAudioMixer: Display: Output buffers initialized: Frames=1024, Channels=2, Samples=2048
[2022.11.16-23.59.42:063][  0]LogAudioMixer: Display: Starting AudioMixerPlatformInterface::RunInternal()
[2022.11.16-23.59.42:063][  0]LogAudioMixer: Display: FMixerPlatformXAudio2::SubmitBuffer() called for the first time
[2022.11.16-23.59.42:063][  0]LogInit: FAudioDevice initialized.
[2022.11.16-23.59.42:064][  0]LogNetVersion: Set ProjectVersion to 1.0.0.0. Version Checksum will be recalculated on next use.
[2022.11.16-23.59.42:069][  0]LogInit: Texture streaming: Enabled
[2022.11.16-23.59.42:103][  0]LogAudio: Display: Audio Device (ID: 1) registered with world 'Untitled'.
[2022.11.16-23.59.42:103][  0]LogSlate: Updating window title bar state: overlay mode, drag disabled, window buttons hidden, title bar hidden
[2022.11.16-23.59.42:104][  0]LogInit: Display: Game Engine Initialized.
[2022.11.16-23.59.42:104][  0]LogNiagaraEditor: GEditor isn't valid! Particle reset commands will not work for Niagara components!
[2022.11.16-23.59.42:174][  0]LogInit: Display: Starting Game.
[2022.11.16-23.59.42:174][  0]LogNet: Browse: /Game/2DSideScrollerBP/Maps/2DSideScrollerExampleMap?Name=Player
[2022.11.16-23.59.42:174][  0]LogLoad: LoadMap: /Game/2DSideScrollerBP/Maps/2DSideScrollerExampleMap?Name=Player
[2022.11.16-23.59.42:174][  0]LogWorld: BeginTearingDown for /Temp/Untitled_0
[2022.11.16-23.59.42:175][  0]LogWorld: UWorld::CleanupWorld for Untitled, bSessionEnded=true, bCleanupResources=true
[2022.11.16-23.59.42:175][  0]LogSlate: InvalidateAllWidgets triggered.  All widgets were invalidated
[2022.11.16-23.59.42:181][  0]LogAudio: Display: Audio Device unregistered from world 'None'.
[2022.11.16-23.59.42:184][  0]LogUObjectHash: Compacting FUObjectHashTables data took   0.68ms
[2022.11.16-23.59.42:229][  0]LogAudio: Display: Audio Device (ID: 1) registered with world '2DSideScrollerExampleMap'.
[2022.11.16-23.59.42:236][  0]LogAIModule: Creating AISystem for world 2DSideScrollerExampleMap
[2022.11.16-23.59.42:237][  0]LogLoad: Game class is '2DSideScrollerGameMode_C'
[2022.11.16-23.59.42:238][  0]LogWorld: Bringing World /Game/2DSideScrollerBP/Maps/2DSideScrollerExampleMap.2DSideScrollerExampleMap up for play (max tick rate 0) at 2022.11.17-04.59.42
[2022.11.16-23.59.42:238][  0]LogWorld: Bringing up level for play took: 0.001009
[2022.11.16-23.59.42:242][  0]LogViewport: Display: Player bShowMouseCursor Changed, False -> True
[2022.11.16-23.59.42:242][  0]LogLoad: Took 0.067820 seconds to LoadMap(/Game/2DSideScrollerBP/Maps/2DSideScrollerExampleMap)
[2022.11.16-23.59.42:268][  0]LogSlate: Took 0.000095 seconds to synchronously load lazily loaded font '../../../Engine/Content/Slate/Fonts/Roboto-Regular.ttf' (155K)
[2022.11.16-23.59.42:283][  0]LogRenderer: Reallocating scene render targets to support 1280x720 Format 2 NumSamples 1 (Frame:1).
[2022.11.16-23.59.42:283][  0]LogInit: Display: Engine is initialized. Leaving FEngineLoop::Init()
[2022.11.16-23.59.42:284][  0]LogLoad: (Engine Initialization) Total time: 3.47 seconds
[2022.11.16-23.59.42:284][  0]LogLoad: (Engine Initialization) Total Blueprint compile time: 0.00 seconds
[2022.11.16-23.59.42:288][  0]LogContentStreaming: Texture pool size now 1000 MB
[2022.11.16-23.59.42:290][  0]LogSlate: InvalidateAllWidgets triggered.  All widgets were invalidated
[2022.11.16-23.59.42:294][  1]LogInput: Error: Duplicate mapping of key D for axis MoveRight
[2022.11.16-23.59.42:295][  1]LogSlate: Took 0.000124 seconds to synchronously load lazily loaded font '../../../Engine/Content/Slate/Fonts/Roboto-Regular.ttf' (155K)
